* using log directory '/Users/brad/Rcode/neuroim/pkg.Rcheck'
* using R version 2.9.0 (2009-04-17)
* using session charset: UTF-8
* checking for file 'pkg/DESCRIPTION' ... OK
* checking extension type ... Package
* this is package 'NeuroImage' version '0.5.6'
* checking package name space information ... OK
* checking package dependencies ... OK
* checking if this is a source package ... OK
* checking for executable files ... OK
* checking whether package 'NeuroImage' can be installed ... WARNING
Found the following significant warnings:
  Warning: missing text for item 'x = "SparseBrainVector", i = "matrix"' in \describe in file 'series-methods.Rd'
  Warning: missing text for item 'x = "SparseBrainVector", i = "numeric"' in \describe in file 'series-methods.Rd'
  Warning: missing text for item 'x = "TiledBrainVector", i = "matrix"' in \describe in file 'series-methods.Rd'
  Warning: missing text for item 'x = "TiledBrainVector", i = "numeric"' in \describe in file 'series-methods.Rd'
See '/Users/brad/Rcode/neuroim/pkg.Rcheck/00install.out' for details.
* checking package directory ... OK
* checking for portable file names ... OK
* checking for sufficient/correct file permissions ... OK
* checking DESCRIPTION meta-information ... OK
* checking top-level files ... OK
* checking index information ... OK
* checking package subdirectories ... WARNING
Found the following directory(s) with names of check directories:
  .Rcheck
  man/NeuroImage.Rcheck
  man/pkg.Rcheck
  pkg.Rcheck
  R/NeuroImage.Rcheck
Most likely, these were included erroneously.
Subdirectory 'data' contains no data sets.
* checking R files for non-ASCII characters ... OK
* checking R files for syntax errors ... OK
* checking whether the package can be loaded ... OK
* checking whether the package can be loaded with stated dependencies ... OK
* checking whether the name space can be loaded with stated dependencies ... OK
* checking for unstated dependencies in R code ... OK
* checking S3 generic/method consistency ... OK
* checking replacement functions ... OK
* checking foreign function calls ... OK
* checking R code for possible problems ... NOTE
createANALYZEHeader: no visible global function definition for
  ‘createANALYZEInfo’
* checking Rd files ... WARNING
Rd files with duplicated alias 'eachSeries,SparseBrainVector,function-method':
  eachSeries-methods.Rd SparseBrainVector-class.Rd

See the chapter 'Writing R documentation files' in manual 'Writing R
Extensions'.
* checking Rd files against version 2 parser ... OK
* checking Rd cross-references ... OK
* checking for missing documentation entries ... WARNING
Undocumented code objects:
  indexToGrid indices loadSeries lookup makeKernel reptime series
  writeVolume
Undocumented S4 classes:
  BrainRegion3D
Undocumented S4 methods:
  generic '[' and siglist 'BrainRegion3D,numeric,missing'
  generic 'as.matrix' and siglist 'BrainData'
  generic 'initialize' and siglist 'TiledBrainVector'
  generic 'length' and siglist 'BrainRegion3D'
All user-level objects in a package (including S4 classes and methods)
should have documentation entries.
See the chapter 'Writing R documentation files' in manual 'Writing R
Extensions'.
* checking for code/documentation mismatches ... OK
* checking Rd \usage sections ... OK
* checking data for non-ASCII characters ... OK
* checking examples ... OK
